<?xml version="1.0" encoding="UTF-8"?>
<testng-results ignored="0" total="1" passed="1" failed="0" skipped="0">
  <reporter-output>
  </reporter-output>
  <suite started-at="2021-08-09T13:27:41Z" name="Suite" finished-at="2021-08-09T13:28:48Z" duration-ms="67039">
    <groups>
      <group name="cucumber">
        <method signature="AbstractTestNGCucumberTests.runScenario(io.cucumber.testng.PickleWrapper, io.cucumber.testng.FeatureWrapper)[pri:0, instance:fnp.project.automation.test.TestRunner@275710fc]" name="runScenario" class="io.cucumber.testng.AbstractTestNGCucumberTests"/>
      </group> <!-- cucumber -->
    </groups>
    <test started-at="2021-08-09T13:27:41Z" name="Test" finished-at="2021-08-09T13:28:48Z" duration-ms="67039">
      <class name="fnp.project.automation.test.TestRunner">
        <test-method is-config="true" signature="setUpClass()[pri:0, instance:fnp.project.automation.test.TestRunner@275710fc]" started-at="2021-08-09T13:27:41Z" name="setUpClass" finished-at="2021-08-09T13:27:41Z" duration-ms="424" status="PASS">
          <reporter-output>
          </reporter-output>
        </test-method> <!-- setUpClass -->
        <test-method signature="runScenario(io.cucumber.testng.PickleWrapper, io.cucumber.testng.FeatureWrapper)[pri:0, instance:fnp.project.automation.test.TestRunner@275710fc]" started-at="2021-08-09T13:27:41Z" name="runScenario" description="Runs Cucumber Scenarios" data-provider="scenarios" finished-at="2021-08-09T13:28:47Z" duration-ms="65785" status="PASS">
          <params>
            <param index="0">
              <value>
                <![CDATA["Verify the user able to write the message on card"]]>
              </value>
            </param>
            <param index="1">
              <value>
                <![CDATA["Optional[Birthday flow validation]"]]>
              </value>
            </param>
          </params>
          <reporter-output>
          </reporter-output>
        </test-method> <!-- runScenario -->
        <test-method is-config="true" signature="tearDownClass()[pri:0, instance:fnp.project.automation.test.TestRunner@275710fc]" started-at="2021-08-09T13:28:47Z" name="tearDownClass" finished-at="2021-08-09T13:28:48Z" duration-ms="818" status="PASS">
          <reporter-output>
          </reporter-output>
        </test-method> <!-- tearDownClass -->
        <test-method is-config="true" signature="sendReport()[pri:0, instance:fnp.project.automation.test.TestRunner@275710fc]" started-at="2021-08-09T13:28:48Z" name="sendReport" finished-at="2021-08-09T13:28:56Z" duration-ms="7781" status="PASS">
          <reporter-output>
          </reporter-output>
        </test-method> <!-- sendReport -->
      </class> <!-- fnp.project.automation.test.TestRunner -->
    </test> <!-- Test -->
  </suite> <!-- Suite -->
</testng-results>
